<?xml version="1.0" encoding="UTF-8"?>
<!-- Generated by org.testng.reporters.JUnitXMLReporter -->
<testsuite ignored="1" hostname="LAPTOP-SDL4SEGP" failures="0" tests="1" name="TestCase-1" time="48.805" errors="0" timestamp="2022-07-22T23:05:40 IST">
  <testcase classname="ComMethods.CommonMethods" name="verifyCartItem" time="42.049"/>
  <testcase classname="ComMethods.CommonMethods" name="verifyErrorMessageLogin" time="0.0">
    <ignored/>
  </testcase> <!-- verifyErrorMessageLogin -->
</testsuite> <!-- TestCase-1 -->
