<?xml version="1.0" encoding="UTF-8"?>
<testng-results ignored="2" total="4" passed="1" failed="1" skipped="0">
  <reporter-output>
  </reporter-output>
  <suite started-at="2022-07-22T23:04:51 IST" name="DemoSuite" finished-at="2022-07-22T23:05:56 IST" duration-ms="65039">
    <groups>
    </groups>
    <test started-at="2022-07-22T23:04:51 IST" name="TestCase-1" finished-at="2022-07-22T23:05:40 IST" duration-ms="48805">
      <class name="ComMethods.CommonMethods">
        <test-method is-config="true" signature="intitiateDriver()[pri:0, instance:ComMethods.CommonMethods@43195e57]" started-at="2022-07-22T23:04:51 IST" name="intitiateDriver" finished-at="2022-07-22T23:04:58 IST" duration-ms="6565" status="PASS">
          <reporter-output>
          </reporter-output>
        </test-method> <!-- intitiateDriver -->
        <test-method signature="verifyCartItem()[pri:0, instance:ComMethods.CommonMethods@43195e57]" started-at="2022-07-22T23:04:58 IST" name="verifyCartItem" finished-at="2022-07-22T23:05:40 IST" duration-ms="42049" status="PASS">
          <reporter-output>
          </reporter-output>
        </test-method> <!-- verifyCartItem -->
        <test-method is-config="true" signature="quitChrome()[pri:0, instance:ComMethods.CommonMethods@43195e57]" started-at="2022-07-22T23:05:40 IST" name="quitChrome" finished-at="2022-07-22T23:05:40 IST" duration-ms="143" status="PASS">
          <reporter-output>
          </reporter-output>
        </test-method> <!-- quitChrome -->
      </class> <!-- ComMethods.CommonMethods -->
    </test> <!-- TestCase-1 -->
    <test started-at="2022-07-22T23:05:40 IST" name="TestCase-2" finished-at="2022-07-22T23:05:56 IST" duration-ms="16201">
      <class name="ComMethods.CommonMethods">
        <test-method is-config="true" signature="intitiateDriver()[pri:0, instance:ComMethods.CommonMethods@6ae5aa72]" started-at="2022-07-22T23:05:40 IST" name="intitiateDriver" finished-at="2022-07-22T23:05:44 IST" duration-ms="3884" status="PASS">
          <reporter-output>
          </reporter-output>
        </test-method> <!-- intitiateDriver -->
        <test-method signature="verifyErrorMessageLogin()[pri:0, instance:ComMethods.CommonMethods@6ae5aa72]" started-at="2022-07-22T23:05:44 IST" name="verifyErrorMessageLogin" finished-at="2022-07-22T23:05:56 IST" duration-ms="12193" status="FAIL">
          <exception class="org.openqa.selenium.NoSuchElementException">
            <message>
              <![CDATA[Unable to find element with locator By.xpath: //button[@id='signin-continue-btn']
For documentation on this error, please visit: https://selenium.dev/exceptions/#no_such_element
Build info: version: '4.3.0', revision: 'a4995e2c09*'
System info: host: 'LAPTOP-SDL4SEGP', ip: '192.168.43.208', os.name: 'Windows 11', os.arch: 'amd64', os.version: '10.0', java.version: '18.0.2'
Driver info: driver.version: RemoteWebDriver]]>
            </message>
            <full-stacktrace>
              <![CDATA[org.openqa.selenium.NoSuchElementException: Unable to find element with locator By.xpath: //button[@id='signin-continue-btn']
For documentation on this error, please visit: https://selenium.dev/exceptions/#no_such_element
Build info: version: '4.3.0', revision: 'a4995e2c09*'
System info: host: 'LAPTOP-SDL4SEGP', ip: '192.168.43.208', os.name: 'Windows 11', os.arch: 'amd64', os.version: '10.0', java.version: '18.0.2'
Driver info: driver.version: RemoteWebDriver
at org.openqa.selenium.remote.ElementLocation$ElementFinder$2.findElement(ElementLocation.java:165)
at org.openqa.selenium.remote.ElementLocation.findElement(ElementLocation.java:60)
at org.openqa.selenium.remote.RemoteWebDriver.findElement(RemoteWebDriver.java:387)
at org.openqa.selenium.remote.RemoteWebDriver.findElement(RemoteWebDriver.java:379)
at ComMethods.CommonMethods.verifyErrorMessage(CommonMethods.java:136)
at ComMethods.CommonMethods.verifyErrorMessageLogin(CommonMethods.java:152)
at java.base/jdk.internal.reflect.DirectMethodHandleAccessor.invoke(DirectMethodHandleAccessor.java:104)
at java.base/java.lang.reflect.Method.invoke(Method.java:577)
at org.testng.internal.MethodInvocationHelper.invokeMethod(MethodInvocationHelper.java:133)
at org.testng.internal.TestInvoker.invokeMethod(TestInvoker.java:598)
at org.testng.internal.TestInvoker.invokeTestMethod(TestInvoker.java:173)
at org.testng.internal.MethodRunner.runInSequence(MethodRunner.java:46)
at org.testng.internal.TestInvoker$MethodInvocationAgent.invoke(TestInvoker.java:824)
at org.testng.internal.TestInvoker.invokeTestMethods(TestInvoker.java:146)
at org.testng.internal.TestMethodWorker.invokeTestMethods(TestMethodWorker.java:146)
at org.testng.internal.TestMethodWorker.run(TestMethodWorker.java:128)
at java.base/java.util.ArrayList.forEach(ArrayList.java:1511)
at org.testng.TestRunner.privateRun(TestRunner.java:794)
at org.testng.TestRunner.run(TestRunner.java:596)
at org.testng.SuiteRunner.runTest(SuiteRunner.java:377)
at org.testng.SuiteRunner.runSequentially(SuiteRunner.java:371)
at org.testng.SuiteRunner.privateRun(SuiteRunner.java:332)
at org.testng.SuiteRunner.run(SuiteRunner.java:276)
at org.testng.SuiteRunnerWorker.runSuite(SuiteRunnerWorker.java:53)
at org.testng.SuiteRunnerWorker.run(SuiteRunnerWorker.java:96)
at org.testng.TestNG.runSuitesSequentially(TestNG.java:1212)
at org.testng.TestNG.runSuitesLocally(TestNG.java:1134)
at org.testng.TestNG.runSuites(TestNG.java:1063)
at org.testng.TestNG.run(TestNG.java:1031)
at org.testng.remote.AbstractRemoteTestNG.run(AbstractRemoteTestNG.java:115)
at org.testng.remote.RemoteTestNG.initAndRun(RemoteTestNG.java:251)
at org.testng.remote.RemoteTestNG.main(RemoteTestNG.java:77)
]]>
            </full-stacktrace>
          </exception> <!-- org.openqa.selenium.NoSuchElementException -->
          <reporter-output>
          </reporter-output>
        </test-method> <!-- verifyErrorMessageLogin -->
        <test-method is-config="true" signature="quitChrome()[pri:0, instance:ComMethods.CommonMethods@6ae5aa72]" started-at="2022-07-22T23:05:56 IST" name="quitChrome" finished-at="2022-07-22T23:05:56 IST" duration-ms="118" status="PASS">
          <reporter-output>
          </reporter-output>
        </test-method> <!-- quitChrome -->
      </class> <!-- ComMethods.CommonMethods -->
    </test> <!-- TestCase-2 -->
  </suite> <!-- DemoSuite -->
</testng-results>
